<?xml version="1.0" encoding="UTF-8"?>
<testng-results ignored="3" total="5" passed="2" failed="0" skipped="0">
  <reporter-output>
  </reporter-output>
  <suite started-at="2023-03-27T23:01:54 IST" name="IncludeExcludeGroupsSuite" finished-at="2023-03-27T23:02:28 IST" duration-ms="33822">
    <groups>
      <group name="Sanity">
        <method signature="TC_002.LoginPageData()[pri:0, instance:testcases_Runner.TC_002@2d901eb0]" name="LoginPageData" class="testcases_Runner.TC_002"/>
        <method signature="TC_004_ClickContractTab.LoginPageData()[pri:0, instance:testcases_Runner.TC_004_ClickContractTab@3f191845]" name="LoginPageData" class="testcases_Runner.TC_004_ClickContractTab"/>
      </group> <!-- Sanity -->
    </groups>
    <test started-at="2023-03-27T23:01:54 IST" name="IncludeExcludeGroupsTest" finished-at="2023-03-27T23:02:28 IST" duration-ms="33822">
      <class name="testcases_Runner.TC_002">
        <test-method is-config="true" signature="preConditionforAllClass()[pri:0, instance:testcases_Runner.TC_002@2d901eb0]" started-at="2023-03-27T23:01:54 IST" name="preConditionforAllClass" finished-at="2023-03-27T23:01:58 IST" duration-ms="3678" status="PASS">
          <reporter-output>
          </reporter-output>
        </test-method> <!-- preConditionforAllClass -->
        <test-method signature="LoginPageData()[pri:0, instance:testcases_Runner.TC_002@2d901eb0]" started-at="2023-03-27T23:01:58 IST" name="LoginPageData" finished-at="2023-03-27T23:02:15 IST" duration-ms="16860" status="PASS">
          <reporter-output>
          </reporter-output>
        </test-method> <!-- LoginPageData -->
        <test-method is-config="true" signature="postConditionForAllClasses()[pri:0, instance:testcases_Runner.TC_002@2d901eb0]" started-at="2023-03-27T23:02:15 IST" name="postConditionForAllClasses" finished-at="2023-03-27T23:02:16 IST" duration-ms="536" status="PASS">
          <reporter-output>
          </reporter-output>
        </test-method> <!-- postConditionForAllClasses -->
      </class> <!-- testcases_Runner.TC_002 -->
      <class name="testcases_Runner.TC_004_ClickContractTab">
        <test-method is-config="true" signature="preConditionforAllClass()[pri:0, instance:testcases_Runner.TC_004_ClickContractTab@3f191845]" started-at="2023-03-27T23:02:16 IST" name="preConditionforAllClass" finished-at="2023-03-27T23:02:18 IST" duration-ms="2595" status="PASS">
          <reporter-output>
          </reporter-output>
        </test-method> <!-- preConditionforAllClass -->
        <test-method signature="LoginPageData()[pri:0, instance:testcases_Runner.TC_004_ClickContractTab@3f191845]" started-at="2023-03-27T23:02:18 IST" name="LoginPageData" finished-at="2023-03-27T23:02:28 IST" duration-ms="9772" status="PASS">
          <reporter-output>
          </reporter-output>
        </test-method> <!-- LoginPageData -->
        <test-method is-config="true" signature="postConditionForAllClasses()[pri:0, instance:testcases_Runner.TC_004_ClickContractTab@3f191845]" started-at="2023-03-27T23:02:28 IST" name="postConditionForAllClasses" finished-at="2023-03-27T23:02:28 IST" duration-ms="310" status="PASS">
          <reporter-output>
          </reporter-output>
        </test-method> <!-- postConditionForAllClasses -->
      </class> <!-- testcases_Runner.TC_004_ClickContractTab -->
    </test> <!-- IncludeExcludeGroupsTest -->
  </suite> <!-- IncludeExcludeGroupsSuite -->
</testng-results>
