<?xml version="1.0" encoding="UTF-8"?>
<!-- Generated by org.testng.reporters.JUnitXMLReporter -->
<testsuite ignored="3" hostname="DESKTOP-L2GP012" failures="0" tests="2" name="IncludeExcludeGroupsTest" time="33.822" errors="0" timestamp="2023-03-27T23:02:28 IST">
  <testcase classname="testcases_Runner.TC_002" name="LoginPageData" time="16.86"/>
  <testcase classname="testcases_Runner.TC_004_ClickContractTab" name="LoginPageData" time="9.772"/>
  <testcase classname="testcases_Runner.TC_005_TaskTab" name="clickTaskTabTestCases" time="0.0">
    <ignored/>
  </testcase> <!-- clickTaskTabTestCases -->
  <testcase classname="testcases_Runner.TC_003_ClickLeads" name="LoginPageData" time="0.0">
    <ignored/>
  </testcase> <!-- LoginPageData -->
  <testcase classname="testcases_Runner.TC_001" name="LoginPageData" time="0.0">
    <ignored/>
  </testcase> <!-- LoginPageData -->
</testsuite> <!-- IncludeExcludeGroupsTest -->
